<?xml version="1.0" encoding="UTF-8"?>
<robot generator="Robot 3.1.2 (Python 3.6.5 on win32)" generated="20200204 01:05:15.225" rpa="false">
<suite id="s1" name="TestSitePractice" source="C:\ProjetosAutomacao\QARobot\SuitSiteWeb\tests\TestSitePractice.robot">
<test id="s1-t1" name="Caso de Teste 01: Pesquisar produto existente">
<kw name="Abrir navegador" library="Resource" type="setup">
<kw name="Open Browser" library="SeleniumLibrary">
<doc>Opens a new browser instance to the given ``url``.</doc>
<arguments>
<arg>about:blank</arg>
<arg>${BROWSER}</arg>
</arguments>
<msg timestamp="20200204 01:05:15.377" level="INFO">Opening browser 'chrome' to base url 'about:blank'.</msg>
<status status="PASS" starttime="20200204 01:05:15.377" endtime="20200204 01:05:21.497"></status>
</kw>
<status status="PASS" starttime="20200204 01:05:15.376" endtime="20200204 01:05:21.497"></status>
</kw>
<kw name="Acessar a página home do site" library="Resource">
<kw name="Go To" library="SeleniumLibrary">
<doc>Navigates the active browser instance to the provided ``url``.</doc>
<arguments>
<arg>${URL}</arg>
</arguments>
<msg timestamp="20200204 01:05:21.498" level="INFO">Opening url 'http://automationpractice.com'</msg>
<status status="PASS" starttime="20200204 01:05:21.498" endtime="20200204 01:05:26.371"></status>
</kw>
<kw name="Title Should Be" library="SeleniumLibrary">
<doc>Verifies that current page title equals ``title``.</doc>
<arguments>
<arg>My Store</arg>
</arguments>
<msg timestamp="20200204 01:05:26.376" level="INFO">Page title is 'My Store'.</msg>
<status status="PASS" starttime="20200204 01:05:26.371" endtime="20200204 01:05:26.377"></status>
</kw>
<status status="PASS" starttime="20200204 01:05:21.497" endtime="20200204 01:05:26.377"></status>
</kw>
<kw name="Digitar o nome do produto &quot;Blouse&quot; no campo de pesquisa" library="Resource">
<kw name="Input Text" library="SeleniumLibrary">
<doc>Types the given ``text`` into text field identified by ``locator``.</doc>
<arguments>
<arg>name=search_query</arg>
<arg>${PRODUTO}</arg>
</arguments>
<msg timestamp="20200204 01:05:26.378" level="INFO">Typing text 'Blouse' into text field 'name=search_query'.</msg>
<kw name="Capture Page Screenshot" library="SeleniumLibrary">
<doc>Takes screenshot of the current page and embeds it into log file.</doc>
<msg timestamp="20200204 01:05:27.035" level="INFO" html="yes">&lt;/td&gt;&lt;/tr&gt;&lt;tr&gt;&lt;td colspan="3"&gt;&lt;a href="selenium-screenshot-1.png"&gt;&lt;img src="selenium-screenshot-1.png" width="800px"&gt;&lt;/a&gt;</msg>
<status status="PASS" starttime="20200204 01:05:26.444" endtime="20200204 01:05:27.035"></status>
</kw>
<msg timestamp="20200204 01:05:27.090" level="FAIL">WebDriverException: Message: unknown error: call function result missing 'value'
  (Session info: chrome=79.0.3945.130)
  (Driver info: chromedriver=2.28.455520 (cc17746adff54984afff480136733114c6b3704b),platform=Windows NT 10.0.18363 x86_64)
</msg>
<status status="FAIL" starttime="20200204 01:05:26.378" endtime="20200204 01:05:27.091"></status>
</kw>
<status status="FAIL" starttime="20200204 01:05:26.377" endtime="20200204 01:05:27.091"></status>
</kw>
<kw name="Fechar navegador" library="Resource" type="teardown">
<kw name="Close Browser" library="SeleniumLibrary">
<doc>Closes the current browser.</doc>
<status status="PASS" starttime="20200204 01:05:27.091" endtime="20200204 01:05:31.156"></status>
</kw>
<status status="PASS" starttime="20200204 01:05:27.091" endtime="20200204 01:05:31.156"></status>
</kw>
<status status="FAIL" starttime="20200204 01:05:15.376" endtime="20200204 01:05:31.157" critical="yes">WebDriverException: Message: unknown error: call function result missing 'value'
  (Session info: chrome=79.0.3945.130)
  (Driver info: chromedriver=2.28.455520 (cc17746adff54984afff480136733114c6b3704b),platform=Windows NT 10.0.18363 x86_64)
</status>
</test>
<test id="s1-t2" name="Caso de Teste 02: Pesquisar produto não existente">
<kw name="Abrir navegador" library="Resource" type="setup">
<kw name="Open Browser" library="SeleniumLibrary">
<doc>Opens a new browser instance to the given ``url``.</doc>
<arguments>
<arg>about:blank</arg>
<arg>${BROWSER}</arg>
</arguments>
<msg timestamp="20200204 01:05:31.163" level="INFO">Opening browser 'chrome' to base url 'about:blank'.</msg>
<status status="PASS" starttime="20200204 01:05:31.162" endtime="20200204 01:05:36.646"></status>
</kw>
<status status="PASS" starttime="20200204 01:05:31.162" endtime="20200204 01:05:36.646"></status>
</kw>
<kw name="Acessar a página home do site" library="Resource">
<kw name="Go To" library="SeleniumLibrary">
<doc>Navigates the active browser instance to the provided ``url``.</doc>
<arguments>
<arg>${URL}</arg>
</arguments>
<msg timestamp="20200204 01:05:36.648" level="INFO">Opening url 'http://automationpractice.com'</msg>
<status status="PASS" starttime="20200204 01:05:36.648" endtime="20200204 01:05:42.280"></status>
</kw>
<kw name="Title Should Be" library="SeleniumLibrary">
<doc>Verifies that current page title equals ``title``.</doc>
<arguments>
<arg>My Store</arg>
</arguments>
<msg timestamp="20200204 01:05:42.285" level="INFO">Page title is 'My Store'.</msg>
<status status="PASS" starttime="20200204 01:05:42.280" endtime="20200204 01:05:42.285"></status>
</kw>
<status status="PASS" starttime="20200204 01:05:36.647" endtime="20200204 01:05:42.285"></status>
</kw>
<kw name="Digitar o nome do produto &quot;itemNãoExistente&quot; no campo de pesquisa" library="Resource">
<kw name="Input Text" library="SeleniumLibrary">
<doc>Types the given ``text`` into text field identified by ``locator``.</doc>
<arguments>
<arg>name=search_query</arg>
<arg>${PRODUTO}</arg>
</arguments>
<msg timestamp="20200204 01:05:42.286" level="INFO">Typing text 'itemNãoExistente' into text field 'name=search_query'.</msg>
<kw name="Capture Page Screenshot" library="SeleniumLibrary">
<doc>Takes screenshot of the current page and embeds it into log file.</doc>
<msg timestamp="20200204 01:05:42.852" level="INFO" html="yes">&lt;/td&gt;&lt;/tr&gt;&lt;tr&gt;&lt;td colspan="3"&gt;&lt;a href="selenium-screenshot-2.png"&gt;&lt;img src="selenium-screenshot-2.png" width="800px"&gt;&lt;/a&gt;</msg>
<status status="PASS" starttime="20200204 01:05:42.320" endtime="20200204 01:05:42.852"></status>
</kw>
<msg timestamp="20200204 01:05:42.852" level="FAIL">WebDriverException: Message: unknown error: call function result missing 'value'
  (Session info: chrome=79.0.3945.130)
  (Driver info: chromedriver=2.28.455520 (cc17746adff54984afff480136733114c6b3704b),platform=Windows NT 10.0.18363 x86_64)
</msg>
<status status="FAIL" starttime="20200204 01:05:42.286" endtime="20200204 01:05:42.852"></status>
</kw>
<status status="FAIL" starttime="20200204 01:05:42.286" endtime="20200204 01:05:42.852"></status>
</kw>
<kw name="Fechar navegador" library="Resource" type="teardown">
<kw name="Close Browser" library="SeleniumLibrary">
<doc>Closes the current browser.</doc>
<status status="PASS" starttime="20200204 01:05:42.854" endtime="20200204 01:05:46.909"></status>
</kw>
<status status="PASS" starttime="20200204 01:05:42.854" endtime="20200204 01:05:46.911"></status>
</kw>
<status status="FAIL" starttime="20200204 01:05:31.161" endtime="20200204 01:05:46.912" critical="yes">WebDriverException: Message: unknown error: call function result missing 'value'
  (Session info: chrome=79.0.3945.130)
  (Driver info: chromedriver=2.28.455520 (cc17746adff54984afff480136733114c6b3704b),platform=Windows NT 10.0.18363 x86_64)
</status>
</test>
<status status="FAIL" starttime="20200204 01:05:15.226" endtime="20200204 01:05:46.927"></status>
</suite>
<statistics>
<total>
<stat pass="0" fail="2">Critical Tests</stat>
<stat pass="0" fail="2">All Tests</stat>
</total>
<tag>
</tag>
<suite>
<stat pass="0" fail="2" id="s1" name="TestSitePractice">TestSitePractice</stat>
</suite>
</statistics>
<errors>
</errors>
</robot>
